[debug] [2017-12-19T07:34:29.695Z] ----------------------------------------------------------------------
[debug] [2017-12-19T07:34:29.697Z] Command:       C:\Program Files\nodejs\node.exe C:\Users\PP052697\AppData\Roaming\npm\node_modules\firebase-tools\bin\firebase deploy
[debug] [2017-12-19T07:34:29.698Z] CLI Version:   3.9.2
[debug] [2017-12-19T07:34:29.698Z] Platform:      win32
[debug] [2017-12-19T07:34:29.698Z] Node Version:  v8.9.2
[debug] [2017-12-19T07:34:29.701Z] Time:          Tue Dec 19 2017 13:04:29 GMT+0530 (India Standard Time)
[debug] [2017-12-19T07:34:29.701Z] ----------------------------------------------------------------------
[debug] 
[debug] [2017-12-19T07:34:29.720Z] > command requires scopes: ["email","openid","https://www.googleapis.com/auth/cloudplatformprojects.readonly","https://www.googleapis.com/auth/firebase","https://www.googleapis.com/auth/cloud-platform"]
[debug] [2017-12-19T07:34:29.721Z] > authorizing via signed-in user
[debug] [2017-12-19T07:34:29.724Z] >>> HTTP REQUEST GET https://admin.firebase.com/v1/projects/prasanna-poonacha  
 Tue Dec 19 2017 13:04:29 GMT+0530 (India Standard Time)
[debug] [2017-12-19T07:34:30.920Z] <<< HTTP RESPONSE 200
[debug] [2017-12-19T07:34:30.921Z] >>> HTTP REQUEST GET https://admin.firebase.com/v1/database/prasanna-poonacha/tokens  
 Tue Dec 19 2017 13:04:30 GMT+0530 (India Standard Time)
[debug] [2017-12-19T07:34:31.971Z] <<< HTTP RESPONSE 200
[info] 
[info] === Deploying to 'prasanna-poonacha'...
[info] 
[info] i  deploying hosting
[info] i  hosting: preparing public directory for upload...
[debug] [2017-12-19T07:34:33.679Z] >>> HTTP REQUEST PUT https://deploy.firebase.com/v1/hosting/prasanna-poonacha/uploads/-L0hgVlutPdkHWYiyrdH?fileCount=41&message=  
 Tue Dec 19 2017 13:04:33 GMT+0530 (India Standard Time)
[debug] [2017-12-19T07:34:38.074Z] <<< HTTP RESPONSE 200
[debug] [2017-12-19T07:34:38.075Z] [hosting] .tgz uploaded successfully, waiting for extraction
[info] +  hosting: 41 files uploaded successfully
[info] i  starting release process (may take several minutes)...
[debug] [2017-12-19T07:34:38.867Z] >>> HTTP REQUEST POST https://deploy.firebase.com/v1/projects/prasanna-poonacha/releases { hosting: 
   { public: 'public',
     ignore: [ 'firebase.json', '**/.*', '**/node_modules/**' ],
     version: '-L0hgVlutPdkHWYiyrdH',
     prefix: '-L0hgVlutPdkHWYiyrdH/',
     manifest: [] } } 
 Tue Dec 19 2017 13:04:38 GMT+0530 (India Standard Time)
